{"name": "При создании нового заказа счётчик Выполнено за сегодня увеличивается", "status": "broken", "statusDetails": {"message": "selenium.common.exceptions.TimeoutException: Message: \nStacktrace:\nRemoteError@chrome://remote/content/shared/RemoteError.sys.mjs:8:8\nWebDriverError@chrome://remote/content/shared/webdriver/Errors.sys.mjs:193:5\nNoSuchElementError@chrome://remote/content/shared/webdriver/Errors.sys.mjs:511:5\ndom.find/</<@chrome://remote/content/shared/DOM.sys.mjs:136:16", "trace": "self = <test_orders.TestOrderPage object at 0x00000231778A9940>, driver = <selenium.webdriver.firefox.webdriver.WebDriver (session=\"86b13809-af16-4be5-8bb9-1d4aac708e61\")>\n\n    @allure.title('При создании нового заказа счётчик Выполнено за сегодня увеличивается')\n    def test_today_orders_counter_success(self, driver):\n        order = OrderPage(driver)\n        order.login_open()\n        order.login_enter()\n        order.click_order_list_button()\n        orders_before = order.get_today_orders_from_list()\n        order.click_constructor_button()\n        order.wait_constructor_site()\n        order.action_ingridient()\n        order.click_order_button()\n>       order.wait_order_prepare()\n\ntests\\test_orders.py:62: \n_ _ _ _ _ _ _ _ _ _ _ _ _ _ _ _ _ _ _ _ _ _ _ _ _ _ _ _ _ _ _ _ _ _ _ _ _ _ _ _ _ _ _ _ _ _ _ _ _ _ _ _ _ _ _ _ _ _ _ _ _ _ _ _ _ _ _ _ _ _ _ _ _ _ _ _ _ _ _ _ _ _ _ _ _ _ _ _ _ _ _ _\npages\\orders_page.py:66: in wait_order_prepare\n    self.wait_for_element(Locators.TAG_ORDER_PREPARE)\npages\\base_page.py:26: in wait_for_element\n    return WebDriverWait(self.driver, 10).until(expected_conditions.visibility_of_element_located(locator))\n_ _ _ _ _ _ _ _ _ _ _ _ _ _ _ _ _ _ _ _ _ _ _ _ _ _ _ _ _ _ _ _ _ _ _ _ _ _ _ _ _ _ _ _ _ _ _ _ _ _ _ _ _ _ _ _ _ _ _ _ _ _ _ _ _ _ _ _ _ _ _ _ _ _ _ _ _ _ _ _ _ _ _ _ _ _ _ _ _ _ _ _\n\nself = <selenium.webdriver.support.wait.WebDriverWait (session=\"86b13809-af16-4be5-8bb9-1d4aac708e61\")>\nmethod = <function visibility_of_element_located.<locals>._predicate at 0x0000023177941120>, message = ''\n\n    def until(self, method: Callable[[D], Union[Literal[False], T]], message: str = \"\") -> T:\n        \"\"\"Calls the method provided with the driver as an argument until the \\\n        return value does not evaluate to ``False``.\n    \n        :param method: callable(WebDriver)\n        :param message: optional message for :exc:`TimeoutException`\n        :returns: the result of the last call to `method`\n        :raises: :exc:`selenium.common.exceptions.TimeoutException` if timeout occurs\n        \"\"\"\n        screen = None\n        stacktrace = None\n    \n        end_time = time.monotonic() + self._timeout\n        while True:\n            try:\n                value = method(self._driver)\n                if value:\n                    return value\n            except self._ignored_exceptions as exc:\n                screen = getattr(exc, \"screen\", None)\n                stacktrace = getattr(exc, \"stacktrace\", None)\n            time.sleep(self._poll)\n            if time.monotonic() > end_time:\n                break\n>       raise TimeoutException(message, screen, stacktrace)\nE       selenium.common.exceptions.TimeoutException: Message: \nE       Stacktrace:\nE       RemoteError@chrome://remote/content/shared/RemoteError.sys.mjs:8:8\nE       WebDriverError@chrome://remote/content/shared/webdriver/Errors.sys.mjs:193:5\nE       NoSuchElementError@chrome://remote/content/shared/webdriver/Errors.sys.mjs:511:5\nE       dom.find/</<@chrome://remote/content/shared/DOM.sys.mjs:136:16\n\n.venv\\Lib\\site-packages\\selenium\\webdriver\\support\\wait.py:105: TimeoutException"}, "steps": [{"name": "Открываем и закрываем браузер Chrome и Firefox", "status": "passed", "steps": [{"name": "Открываем и закрываем браузер Firefox", "status": "passed", "parameters": [{"name": "driver", "value": "<selenium.webdriver.firefox.webdriver.WebDriver (session=\"86b13809-af16-4be5-8bb9-1d4aac708e61\")>"}], "start": 1730542886005, "stop": 1730542886005}], "parameters": [{"name": "driver", "value": "<selenium.webdriver.firefox.webdriver.WebDriver (session=\"86b13809-af16-4be5-8bb9-1d4aac708e61\")>"}], "start": 1730542886005, "stop": 1730542886005}, {"name": "Открываем сайт \"Login\"", "status": "passed", "steps": [{"name": "Метод открытия страницы", "status": "passed", "parameters": [{"name": "url", "value": "'https://stellarburgers.nomoreparties.site/login'"}], "start": 1730542886005, "stop": 1730542891443}], "start": 1730542886005, "stop": 1730542891443}, {"name": "Обьеденить шаг входа в профиль", "status": "passed", "steps": [{"name": "Ввод email в поле логина", "status": "passed", "steps": [{"name": "Метод ждет загрузки элемента и вводит данные (keys)", "status": "passed", "steps": [{"name": "Метод ждет и возвращает загрузку элемента", "status": "passed", "parameters": [{"name": "locator", "value": "('xpath', \".//div/label[text()='Email']/../input\")"}], "start": 1730542891443, "stop": 1730542891488}], "parameters": [{"name": "locator", "value": "('xpath', \".//div/label[text()='Email']/../input\")"}, {"name": "keys", "value": "'eldar_dikopp_10_012@yandex.ru'"}], "start": 1730542891443, "stop": 1730542891598}], "start": 1730542891443, "stop": 1730542891598}, {"name": "Ввод password в поле пароля", "status": "passed", "steps": [{"name": "Метод ждет загрузки элемента и вводит данные (keys)", "status": "passed", "steps": [{"name": "Метод ждет и возвращает загрузку элемента", "status": "passed", "parameters": [{"name": "locator", "value": "('xpath', \".//div/label[text()='Пароль']/../input\")"}], "start": 1730542891598, "stop": 1730542891614}], "parameters": [{"name": "locator", "value": "('xpath', \".//div/label[text()='Пароль']/../input\")"}, {"name": "keys", "value": "'123456789'"}], "start": 1730542891598, "stop": 1730542891629}], "start": 1730542891598, "stop": 1730542891629}, {"name": "Нажать кнопку авторизации", "status": "passed", "steps": [{"name": "Метод ждет загрузки элемента и прожимает его", "status": "passed", "parameters": [{"name": "locator", "value": "('xpath', \".//button[text() = 'Войти']\")"}], "start": 1730542891629, "stop": 1730542891896}], "start": 1730542891629, "stop": 1730542891896}, {"name": "Ожидание перехода на домашнюю страницу", "status": "passed", "steps": [{"name": "Метод ждет и возвращает загрузку элемента", "status": "passed", "parameters": [{"name": "locator", "value": "('xpath', \".//button[text() = 'Оформить заказ']\")"}], "start": 1730542891896, "stop": 1730542892418}], "start": 1730542891896, "stop": 1730542892419}], "start": 1730542891443, "stop": 1730542892419}, {"name": "Жмём кнопку лента заказов", "status": "passed", "steps": [{"name": "Метод ждет загрузки элемента и прожимает его", "status": "passed", "parameters": [{"name": "locator", "value": "('xpath', \".//nav/ul/li[contains(@class, 'undefined')]/a\")"}], "start": 1730542892419, "stop": 1730542892660}], "start": 1730542892419, "stop": 1730542892660}, {"name": "Получаем количество сегодняшних заказов в истории", "status": "passed", "steps": [{"name": "Метод возвращает текст элемента", "status": "passed", "steps": [{"name": "Метод ждет и возвращает загрузку элемента", "status": "passed", "parameters": [{"name": "locator", "value": "('xpath', \".//p[text() = 'Выполнено за сегодня:']/../p[2]\")"}], "start": 1730542892660, "stop": 1730542894185}], "parameters": [{"name": "locator", "value": "('xpath', \".//p[text() = 'Выполнено за сегодня:']/../p[2]\")"}], "start": 1730542892660, "stop": 1730542894193}], "start": 1730542892660, "stop": 1730542894193}, {"name": "Нажимаем на кнопку конструктор", "status": "passed", "steps": [{"name": "Метод ждет загрузки элемента и прожимает его", "status": "passed", "parameters": [{"name": "locator", "value": "('xpath', \".//p[text() = 'Конструктор']\")"}], "start": 1730542894193, "stop": 1730542894440}], "start": 1730542894193, "stop": 1730542894440}, {"name": "Ждём загрузку оглавления конструктора", "status": "passed", "steps": [{"name": "Метод ждет и возвращает загрузку элемента", "status": "passed", "parameters": [{"name": "locator", "value": "('xpath', \".//section[contains(@class, 'BurgerIngredients')]/h1[text() = 'Соберите бургер']\")"}], "start": 1730542894440, "stop": 1730542894453}], "start": 1730542894440, "stop": 1730542894453}, {"name": "перетягиваем ингридиент в корзину", "status": "passed", "steps": [{"name": "перетягивание элемента", "status": "passed", "parameters": [{"name": "obj_locator", "value": "('xpath', \".//div[contains(@class, 'BurgerIngredients')]/ul/a\")"}, {"name": "target_locator", "value": "('xpath', \".//div[@class = 'constructor-element constructor-element_pos_top']\")"}], "start": 1730542894453, "stop": 1730542895012}], "start": 1730542894453, "stop": 1730542895012}, {"name": "нажать кнопку \"оформить заказ\"", "status": "passed", "steps": [{"name": "Метод ждет загрузки элемента и прожимает его", "status": "passed", "parameters": [{"name": "locator", "value": "('xpath', \".//button[text() = 'Оформить заказ']\")"}], "start": 1730542895012, "stop": 1730542895261}], "start": 1730542895012, "stop": 1730542895261}, {"name": "Ждем номер заказа", "status": "broken", "statusDetails": {"message": "selenium.common.exceptions.TimeoutException: Message: \nStacktrace:\nRemoteError@chrome://remote/content/shared/RemoteError.sys.mjs:8:8\nWebDriverError@chrome://remote/content/shared/webdriver/Errors.sys.mjs:193:5\nNoSuchElementError@chrome://remote/content/shared/webdriver/Errors.sys.mjs:511:5\ndom.find/</<@chrome://remote/content/shared/DOM.sys.mjs:136:16\n\n", "trace": "  File \"C:\\Users\\user\\Documents\\Diplom\\Diplom_Dikopp_Eldar_10\\Diplom_3\\.venv\\Lib\\site-packages\\allure_commons\\_allure.py\", line 192, in impl\n    return func(*a, **kw)\n           ^^^^^^^^^^^^^^\n  File \"C:\\Users\\user\\Documents\\Diplom\\Diplom_Dikopp_Eldar_10\\Diplom_3\\pages\\orders_page.py\", line 66, in wait_order_prepare\n    self.wait_for_element(Locators.TAG_ORDER_PREPARE)\n  File \"C:\\Users\\user\\Documents\\Diplom\\Diplom_Dikopp_Eldar_10\\Diplom_3\\.venv\\Lib\\site-packages\\allure_commons\\_allure.py\", line 192, in impl\n    return func(*a, **kw)\n           ^^^^^^^^^^^^^^\n  File \"C:\\Users\\user\\Documents\\Diplom\\Diplom_Dikopp_Eldar_10\\Diplom_3\\pages\\base_page.py\", line 26, in wait_for_element\n    return WebDriverWait(self.driver, 10).until(expected_conditions.visibility_of_element_located(locator))\n           ^^^^^^^^^^^^^^^^^^^^^^^^^^^^^^^^^^^^^^^^^^^^^^^^^^^^^^^^^^^^^^^^^^^^^^^^^^^^^^^^^^^^^^^^^^^^^^^^\n  File \"C:\\Users\\user\\Documents\\Diplom\\Diplom_Dikopp_Eldar_10\\Diplom_3\\.venv\\Lib\\site-packages\\selenium\\webdriver\\support\\wait.py\", line 105, in until\n    raise TimeoutException(message, screen, stacktrace)\n"}, "steps": [{"name": "Метод ждет и возвращает загрузку элемента", "status": "broken", "statusDetails": {"message": "selenium.common.exceptions.TimeoutException: Message: \nStacktrace:\nRemoteError@chrome://remote/content/shared/RemoteError.sys.mjs:8:8\nWebDriverError@chrome://remote/content/shared/webdriver/Errors.sys.mjs:193:5\nNoSuchElementError@chrome://remote/content/shared/webdriver/Errors.sys.mjs:511:5\ndom.find/</<@chrome://remote/content/shared/DOM.sys.mjs:136:16\n\n", "trace": "  File \"C:\\Users\\user\\Documents\\Diplom\\Diplom_Dikopp_Eldar_10\\Diplom_3\\.venv\\Lib\\site-packages\\allure_commons\\_allure.py\", line 192, in impl\n    return func(*a, **kw)\n           ^^^^^^^^^^^^^^\n  File \"C:\\Users\\user\\Documents\\Diplom\\Diplom_Dikopp_Eldar_10\\Diplom_3\\pages\\base_page.py\", line 26, in wait_for_element\n    return WebDriverWait(self.driver, 10).until(expected_conditions.visibility_of_element_located(locator))\n           ^^^^^^^^^^^^^^^^^^^^^^^^^^^^^^^^^^^^^^^^^^^^^^^^^^^^^^^^^^^^^^^^^^^^^^^^^^^^^^^^^^^^^^^^^^^^^^^^\n  File \"C:\\Users\\user\\Documents\\Diplom\\Diplom_Dikopp_Eldar_10\\Diplom_3\\.venv\\Lib\\site-packages\\selenium\\webdriver\\support\\wait.py\", line 105, in until\n    raise TimeoutException(message, screen, stacktrace)\n"}, "parameters": [{"name": "locator", "value": "('xpath', './/h2[string-length(text())=6]')"}], "start": 1730542895261, "stop": 1730542905354}], "start": 1730542895261, "stop": 1730542905354}], "parameters": [{"name": "driver", "value": "'firefox'"}], "start": 1730542886005, "stop": 1730542905354, "uuid": "28082c88-4d3e-4aae-bc29-fa65553c8001", "historyId": "3ada8c6e7c09c1db8bc6651773cfad11", "testCaseId": "d0c83d2b37a84db6c8fa9f33d7fbc460", "fullName": "tests.test_orders.TestOrderPage#test_today_orders_counter_success", "labels": [{"name": "parentSuite", "value": "tests"}, {"name": "suite", "value": "test_orders"}, {"name": "subSuite", "value": "TestOrderPage"}, {"name": "host", "value": "WIN-4TEUO1LLUHP"}, {"name": "thread", "value": "37720-MainThread"}, {"name": "framework", "value": "pytest"}, {"name": "language", "value": "cpython3"}, {"name": "package", "value": "tests.test_orders"}]}