{"name": "После оформления заказа его номер появляется в разделе В работе", "status": "broken", "statusDetails": {"message": "selenium.common.exceptions.TimeoutException: Message: \nStacktrace:\nRemoteError@chrome://remote/content/shared/RemoteError.sys.mjs:8:8\nWebDriverError@chrome://remote/content/shared/webdriver/Errors.sys.mjs:193:5\nNoSuchElementError@chrome://remote/content/shared/webdriver/Errors.sys.mjs:511:5\ndom.find/</<@chrome://remote/content/shared/DOM.sys.mjs:136:16", "trace": "self = <test_orders.TestOrderPage object at 0x00000231778A9CA0>, driver = <selenium.webdriver.firefox.webdriver.WebDriver (session=\"53a9ed96-d9db-4290-ab1d-bd6e26e33b69\")>\n\n    @allure.title('После оформления заказа его номер появляется в разделе В работе')\n    def test_order_numer_in_work_true(self, driver):\n        order = OrderPage(driver)\n        order.login_open()\n        order.login_enter()\n        order.action_ingridient()\n        order.click_order_button()\n>       order.wait_order_prepare()\n\ntests\\test_orders.py:75: \n_ _ _ _ _ _ _ _ _ _ _ _ _ _ _ _ _ _ _ _ _ _ _ _ _ _ _ _ _ _ _ _ _ _ _ _ _ _ _ _ _ _ _ _ _ _ _ _ _ _ _ _ _ _ _ _ _ _ _ _ _ _ _ _ _ _ _ _ _ _ _ _ _ _ _ _ _ _ _ _ _ _ _ _ _ _ _ _ _ _ _ _\npages\\orders_page.py:66: in wait_order_prepare\n    self.wait_for_element(Locators.TAG_ORDER_PREPARE)\npages\\base_page.py:26: in wait_for_element\n    return WebDriverWait(self.driver, 10).until(expected_conditions.visibility_of_element_located(locator))\n_ _ _ _ _ _ _ _ _ _ _ _ _ _ _ _ _ _ _ _ _ _ _ _ _ _ _ _ _ _ _ _ _ _ _ _ _ _ _ _ _ _ _ _ _ _ _ _ _ _ _ _ _ _ _ _ _ _ _ _ _ _ _ _ _ _ _ _ _ _ _ _ _ _ _ _ _ _ _ _ _ _ _ _ _ _ _ _ _ _ _ _\n\nself = <selenium.webdriver.support.wait.WebDriverWait (session=\"53a9ed96-d9db-4290-ab1d-bd6e26e33b69\")>\nmethod = <function visibility_of_element_located.<locals>._predicate at 0x0000023177941E40>, message = ''\n\n    def until(self, method: Callable[[D], Union[Literal[False], T]], message: str = \"\") -> T:\n        \"\"\"Calls the method provided with the driver as an argument until the \\\n        return value does not evaluate to ``False``.\n    \n        :param method: callable(WebDriver)\n        :param message: optional message for :exc:`TimeoutException`\n        :returns: the result of the last call to `method`\n        :raises: :exc:`selenium.common.exceptions.TimeoutException` if timeout occurs\n        \"\"\"\n        screen = None\n        stacktrace = None\n    \n        end_time = time.monotonic() + self._timeout\n        while True:\n            try:\n                value = method(self._driver)\n                if value:\n                    return value\n            except self._ignored_exceptions as exc:\n                screen = getattr(exc, \"screen\", None)\n                stacktrace = getattr(exc, \"stacktrace\", None)\n            time.sleep(self._poll)\n            if time.monotonic() > end_time:\n                break\n>       raise TimeoutException(message, screen, stacktrace)\nE       selenium.common.exceptions.TimeoutException: Message: \nE       Stacktrace:\nE       RemoteError@chrome://remote/content/shared/RemoteError.sys.mjs:8:8\nE       WebDriverError@chrome://remote/content/shared/webdriver/Errors.sys.mjs:193:5\nE       NoSuchElementError@chrome://remote/content/shared/webdriver/Errors.sys.mjs:511:5\nE       dom.find/</<@chrome://remote/content/shared/DOM.sys.mjs:136:16\n\n.venv\\Lib\\site-packages\\selenium\\webdriver\\support\\wait.py:105: TimeoutException"}, "steps": [{"name": "Открываем и закрываем браузер Chrome и Firefox", "status": "passed", "steps": [{"name": "Открываем и закрываем браузер Firefox", "status": "passed", "parameters": [{"name": "driver", "value": "<selenium.webdriver.firefox.webdriver.WebDriver (session=\"53a9ed96-d9db-4290-ab1d-bd6e26e33b69\")>"}], "start": 1730542998447, "stop": 1730542998447}], "parameters": [{"name": "driver", "value": "<selenium.webdriver.firefox.webdriver.WebDriver (session=\"53a9ed96-d9db-4290-ab1d-bd6e26e33b69\")>"}], "start": 1730542998447, "stop": 1730542998447}, {"name": "Открываем сайт \"Login\"", "status": "passed", "steps": [{"name": "Метод открытия страницы", "status": "passed", "parameters": [{"name": "url", "value": "'https://stellarburgers.nomoreparties.site/login'"}], "start": 1730542998447, "stop": 1730543024448}], "start": 1730542998447, "stop": 1730543024448}, {"name": "Обьеденить шаг входа в профиль", "status": "passed", "steps": [{"name": "Ввод email в поле логина", "status": "passed", "steps": [{"name": "Метод ждет загрузки элемента и вводит данные (keys)", "status": "passed", "steps": [{"name": "Метод ждет и возвращает загрузку элемента", "status": "passed", "parameters": [{"name": "locator", "value": "('xpath', \".//div/label[text()='Email']/../input\")"}], "start": 1730543024448, "stop": 1730543024480}], "parameters": [{"name": "locator", "value": "('xpath', \".//div/label[text()='Email']/../input\")"}, {"name": "keys", "value": "'eldar_dikopp_10_012@yandex.ru'"}], "start": 1730543024448, "stop": 1730543024590}], "start": 1730543024448, "stop": 1730543024590}, {"name": "Ввод password в поле пароля", "status": "passed", "steps": [{"name": "Метод ждет загрузки элемента и вводит данные (keys)", "status": "passed", "steps": [{"name": "Метод ждет и возвращает загрузку элемента", "status": "passed", "parameters": [{"name": "locator", "value": "('xpath', \".//div/label[text()='Пароль']/../input\")"}], "start": 1730543024590, "stop": 1730543024606}], "parameters": [{"name": "locator", "value": "('xpath', \".//div/label[text()='Пароль']/../input\")"}, {"name": "keys", "value": "'123456789'"}], "start": 1730543024590, "stop": 1730543024637}], "start": 1730543024590, "stop": 1730543024637}, {"name": "Нажать кнопку авторизации", "status": "passed", "steps": [{"name": "Метод ждет загрузки элемента и прожимает его", "status": "passed", "parameters": [{"name": "locator", "value": "('xpath', \".//button[text() = 'Войти']\")"}], "start": 1730543024637, "stop": 1730543024919}], "start": 1730543024637, "stop": 1730543024919}, {"name": "Ожидание перехода на домашнюю страницу", "status": "passed", "steps": [{"name": "Метод ждет и возвращает загрузку элемента", "status": "passed", "parameters": [{"name": "locator", "value": "('xpath', \".//button[text() = 'Оформить заказ']\")"}], "start": 1730543024919, "stop": 1730543025444}], "start": 1730543024919, "stop": 1730543025444}], "start": 1730543024448, "stop": 1730543025444}, {"name": "перетягиваем ингридиент в корзину", "status": "passed", "steps": [{"name": "перетягивание элемента", "status": "passed", "parameters": [{"name": "obj_locator", "value": "('xpath', \".//div[contains(@class, 'BurgerIngredients')]/ul/a\")"}, {"name": "target_locator", "value": "('xpath', \".//div[@class = 'constructor-element constructor-element_pos_top']\")"}], "start": 1730543025445, "stop": 1730543026025}], "start": 1730543025444, "stop": 1730543026025}, {"name": "нажать кнопку \"оформить заказ\"", "status": "passed", "steps": [{"name": "Метод ждет загрузки элемента и прожимает его", "status": "passed", "parameters": [{"name": "locator", "value": "('xpath', \".//button[text() = 'Оформить заказ']\")"}], "start": 1730543026025, "stop": 1730543026262}], "start": 1730543026025, "stop": 1730543026262}, {"name": "Ждем номер заказа", "status": "broken", "statusDetails": {"message": "selenium.common.exceptions.TimeoutException: Message: \nStacktrace:\nRemoteError@chrome://remote/content/shared/RemoteError.sys.mjs:8:8\nWebDriverError@chrome://remote/content/shared/webdriver/Errors.sys.mjs:193:5\nNoSuchElementError@chrome://remote/content/shared/webdriver/Errors.sys.mjs:511:5\ndom.find/</<@chrome://remote/content/shared/DOM.sys.mjs:136:16\n\n", "trace": "  File \"C:\\Users\\user\\Documents\\Diplom\\Diplom_Dikopp_Eldar_10\\Diplom_3\\.venv\\Lib\\site-packages\\allure_commons\\_allure.py\", line 192, in impl\n    return func(*a, **kw)\n           ^^^^^^^^^^^^^^\n  File \"C:\\Users\\user\\Documents\\Diplom\\Diplom_Dikopp_Eldar_10\\Diplom_3\\pages\\orders_page.py\", line 66, in wait_order_prepare\n    self.wait_for_element(Locators.TAG_ORDER_PREPARE)\n  File \"C:\\Users\\user\\Documents\\Diplom\\Diplom_Dikopp_Eldar_10\\Diplom_3\\.venv\\Lib\\site-packages\\allure_commons\\_allure.py\", line 192, in impl\n    return func(*a, **kw)\n           ^^^^^^^^^^^^^^\n  File \"C:\\Users\\user\\Documents\\Diplom\\Diplom_Dikopp_Eldar_10\\Diplom_3\\pages\\base_page.py\", line 26, in wait_for_element\n    return WebDriverWait(self.driver, 10).until(expected_conditions.visibility_of_element_located(locator))\n           ^^^^^^^^^^^^^^^^^^^^^^^^^^^^^^^^^^^^^^^^^^^^^^^^^^^^^^^^^^^^^^^^^^^^^^^^^^^^^^^^^^^^^^^^^^^^^^^^\n  File \"C:\\Users\\user\\Documents\\Diplom\\Diplom_Dikopp_Eldar_10\\Diplom_3\\.venv\\Lib\\site-packages\\selenium\\webdriver\\support\\wait.py\", line 105, in until\n    raise TimeoutException(message, screen, stacktrace)\n"}, "steps": [{"name": "Метод ждет и возвращает загрузку элемента", "status": "broken", "statusDetails": {"message": "selenium.common.exceptions.TimeoutException: Message: \nStacktrace:\nRemoteError@chrome://remote/content/shared/RemoteError.sys.mjs:8:8\nWebDriverError@chrome://remote/content/shared/webdriver/Errors.sys.mjs:193:5\nNoSuchElementError@chrome://remote/content/shared/webdriver/Errors.sys.mjs:511:5\ndom.find/</<@chrome://remote/content/shared/DOM.sys.mjs:136:16\n\n", "trace": "  File \"C:\\Users\\user\\Documents\\Diplom\\Diplom_Dikopp_Eldar_10\\Diplom_3\\.venv\\Lib\\site-packages\\allure_commons\\_allure.py\", line 192, in impl\n    return func(*a, **kw)\n           ^^^^^^^^^^^^^^\n  File \"C:\\Users\\user\\Documents\\Diplom\\Diplom_Dikopp_Eldar_10\\Diplom_3\\pages\\base_page.py\", line 26, in wait_for_element\n    return WebDriverWait(self.driver, 10).until(expected_conditions.visibility_of_element_located(locator))\n           ^^^^^^^^^^^^^^^^^^^^^^^^^^^^^^^^^^^^^^^^^^^^^^^^^^^^^^^^^^^^^^^^^^^^^^^^^^^^^^^^^^^^^^^^^^^^^^^^\n  File \"C:\\Users\\user\\Documents\\Diplom\\Diplom_Dikopp_Eldar_10\\Diplom_3\\.venv\\Lib\\site-packages\\selenium\\webdriver\\support\\wait.py\", line 105, in until\n    raise TimeoutException(message, screen, stacktrace)\n"}, "parameters": [{"name": "locator", "value": "('xpath', './/h2[string-length(text())=6]')"}], "start": 1730543026262, "stop": 1730543036349}], "start": 1730543026262, "stop": 1730543036349}], "parameters": [{"name": "driver", "value": "'firefox'"}], "start": 1730542998447, "stop": 1730543036349, "uuid": "13f9d33f-555b-4d08-8c55-990097ecd3a6", "historyId": "db8bca200cacc071e283d92e8fd18555", "testCaseId": "a79bad756da19f0a1624226ff2e10217", "fullName": "tests.test_orders.TestOrderPage#test_order_numer_in_work_true", "labels": [{"name": "parentSuite", "value": "tests"}, {"name": "suite", "value": "test_orders"}, {"name": "subSuite", "value": "TestOrderPage"}, {"name": "host", "value": "WIN-4TEUO1LLUHP"}, {"name": "thread", "value": "37720-MainThread"}, {"name": "framework", "value": "pytest"}, {"name": "language", "value": "cpython3"}, {"name": "package", "value": "tests.test_orders"}]}